[debug] [2026-03-12T18:32:53.575Z] ----------------------------------------------------------------------
[debug] [2026-03-12T18:32:53.577Z] Command:       C:\Users\dean.guedo\AppData\Local\Microsoft\WinGet\Packages\OpenJS.NodeJS.LTS_Microsoft.Winget.Source_8wekyb3d8bbwe\node-v24.13.1-win-x64\node.exe C:\Users\dean.guedo\AppData\Local\Microsoft\WinGet\Packages\OpenJS.NodeJS.LTS_Microsoft.Winget.Source_8wekyb3d8bbwe\node-v24.13.1-win-x64\node_modules\firebase-tools\lib\bin\firebase.js hosting:sites:list --project calm-module-one --json --non-interactive
[debug] [2026-03-12T18:32:53.577Z] CLI Version:   15.9.1
[debug] [2026-03-12T18:32:53.577Z] Platform:      win32
[debug] [2026-03-12T18:32:53.577Z] Node Version:  v24.13.1
[debug] [2026-03-12T18:32:53.577Z] Time:          Thu Mar 12 2026 12:32:53 GMT-0600 (Mountain Daylight Time)
[debug] [2026-03-12T18:32:53.577Z] ----------------------------------------------------------------------
[debug] 
[debug] [2026-03-12T18:32:53.616Z] > command requires scopes: ["email","openid","https://www.googleapis.com/auth/cloudplatformprojects.readonly","https://www.googleapis.com/auth/firebase","https://www.googleapis.com/auth/cloud-platform"]
[debug] [2026-03-12T18:32:53.616Z] > authorizing via signed-in user (dean.guedo@eips.ca)
[debug] [2026-03-12T18:32:53.616Z] [iam] checking project calm-module-one for permissions ["firebase.projects.get","firebasehosting.sites.get"]
[debug] [2026-03-12T18:32:53.617Z] Checked if tokens are valid: true, expires at: 1773342851728
[debug] [2026-03-12T18:32:53.617Z] Checked if tokens are valid: true, expires at: 1773342851728
[debug] [2026-03-12T18:32:53.617Z] >>> [apiv2][query] POST https://cloudresourcemanager.googleapis.com/v1/projects/calm-module-one:testIamPermissions [none]
[debug] [2026-03-12T18:32:53.617Z] >>> [apiv2][(partial)header] POST https://cloudresourcemanager.googleapis.com/v1/projects/calm-module-one:testIamPermissions  x-goog-user-project=calm-module-one
[debug] [2026-03-12T18:32:53.618Z] >>> [apiv2][body] POST https://cloudresourcemanager.googleapis.com/v1/projects/calm-module-one:testIamPermissions {"permissions":["firebase.projects.get","firebasehosting.sites.get"]}
[debug] [2026-03-12T18:32:54.087Z] <<< [apiv2][status] POST https://cloudresourcemanager.googleapis.com/v1/projects/calm-module-one:testIamPermissions 200
[debug] [2026-03-12T18:32:54.087Z] <<< [apiv2][body] POST https://cloudresourcemanager.googleapis.com/v1/projects/calm-module-one:testIamPermissions {"permissions":["firebase.projects.get","firebasehosting.sites.get"]}
[debug] [2026-03-12T18:32:54.088Z] Checked if tokens are valid: true, expires at: 1773342851728
[debug] [2026-03-12T18:32:54.088Z] Checked if tokens are valid: true, expires at: 1773342851728
[debug] [2026-03-12T18:32:54.088Z] >>> [apiv2][query] GET https://firebasehosting.googleapis.com/v1beta1/projects/calm-module-one/sites pageToken=&pageSize=10
[debug] [2026-03-12T18:32:55.514Z] <<< [apiv2][status] GET https://firebasehosting.googleapis.com/v1beta1/projects/calm-module-one/sites 200
[debug] [2026-03-12T18:34:43.157Z] ----------------------------------------------------------------------
[debug] [2026-03-12T18:34:43.159Z] Command:       C:\Users\dean.guedo\AppData\Local\Microsoft\WinGet\Packages\OpenJS.NodeJS.LTS_Microsoft.Winget.Source_8wekyb3d8bbwe\node-v24.13.1-win-x64\node.exe C:\Users\dean.guedo\AppData\Local\Microsoft\WinGet\Packages\OpenJS.NodeJS.LTS_Microsoft.Winget.Source_8wekyb3d8bbwe\node-v24.13.1-win-x64\node_modules\firebase-tools\lib\bin\firebase.js apps:list --project calm-module-one --json --non-interactive
[debug] [2026-03-12T18:34:43.159Z] CLI Version:   15.9.1
[debug] [2026-03-12T18:34:43.159Z] Platform:      win32
[debug] [2026-03-12T18:34:43.159Z] Node Version:  v24.13.1
[debug] [2026-03-12T18:34:43.159Z] Time:          Thu Mar 12 2026 12:34:43 GMT-0600 (Mountain Daylight Time)
[debug] [2026-03-12T18:34:43.159Z] ----------------------------------------------------------------------
[debug] 
[debug] [2026-03-12T18:34:43.673Z] > command requires scopes: ["email","openid","https://www.googleapis.com/auth/cloudplatformprojects.readonly","https://www.googleapis.com/auth/firebase","https://www.googleapis.com/auth/cloud-platform"]
[debug] [2026-03-12T18:34:43.673Z] > authorizing via signed-in user (dean.guedo@eips.ca)
[debug] [2026-03-12T18:34:43.675Z] Checked if tokens are valid: true, expires at: 1773342851728
[debug] [2026-03-12T18:34:43.675Z] Checked if tokens are valid: true, expires at: 1773342851728
[debug] [2026-03-12T18:34:43.675Z] >>> [apiv2][query] GET https://firebase.googleapis.com/v1beta1/projects/calm-module-one:searchApps pageSize=100
[debug] [2026-03-12T18:34:44.135Z] <<< [apiv2][status] GET https://firebase.googleapis.com/v1beta1/projects/calm-module-one:searchApps 200
[debug] [2026-03-12T18:34:57.727Z] ----------------------------------------------------------------------
[debug] [2026-03-12T18:34:57.730Z] Command:       C:\Users\dean.guedo\AppData\Local\Microsoft\WinGet\Packages\OpenJS.NodeJS.LTS_Microsoft.Winget.Source_8wekyb3d8bbwe\node-v24.13.1-win-x64\node.exe C:\Users\dean.guedo\AppData\Local\Microsoft\WinGet\Packages\OpenJS.NodeJS.LTS_Microsoft.Winget.Source_8wekyb3d8bbwe\node-v24.13.1-win-x64\node_modules\firebase-tools\lib\bin\firebase.js apps:sdkconfig WEB 1:217802069551:web:673dcff84a4818eca798da --project calm-module-one --json --non-interactive
[debug] [2026-03-12T18:34:57.730Z] CLI Version:   15.9.1
[debug] [2026-03-12T18:34:57.730Z] Platform:      win32
[debug] [2026-03-12T18:34:57.730Z] Node Version:  v24.13.1
[debug] [2026-03-12T18:34:57.730Z] Time:          Thu Mar 12 2026 12:34:57 GMT-0600 (Mountain Daylight Time)
[debug] [2026-03-12T18:34:57.730Z] ----------------------------------------------------------------------
[debug] 
[debug] [2026-03-12T18:34:57.774Z] > command requires scopes: ["email","openid","https://www.googleapis.com/auth/cloudplatformprojects.readonly","https://www.googleapis.com/auth/firebase","https://www.googleapis.com/auth/cloud-platform"]
[debug] [2026-03-12T18:34:57.774Z] > authorizing via signed-in user (dean.guedo@eips.ca)
[debug] [2026-03-12T18:34:57.776Z] Checked if tokens are valid: true, expires at: 1773342851728
[debug] [2026-03-12T18:34:57.776Z] Checked if tokens are valid: true, expires at: 1773342851728
[debug] [2026-03-12T18:34:57.777Z] >>> [apiv2][query] GET https://firebase.googleapis.com/v1beta1/projects/-/webApps/1:217802069551:web:673dcff84a4818eca798da/config [none]
[debug] [2026-03-12T18:34:57.767Z] ----------------------------------------------------------------------
[debug] [2026-03-12T18:34:57.769Z] Command:       C:\Users\dean.guedo\AppData\Local\Microsoft\WinGet\Packages\OpenJS.NodeJS.LTS_Microsoft.Winget.Source_8wekyb3d8bbwe\node-v24.13.1-win-x64\node.exe C:\Users\dean.guedo\AppData\Local\Microsoft\WinGet\Packages\OpenJS.NodeJS.LTS_Microsoft.Winget.Source_8wekyb3d8bbwe\node-v24.13.1-win-x64\node_modules\firebase-tools\lib\bin\firebase.js apps:sdkconfig WEB 1:217802069551:web:86211a3e765bbf0ba798da --project calm-module-one --json --non-interactive
[debug] [2026-03-12T18:34:57.769Z] CLI Version:   15.9.1
[debug] [2026-03-12T18:34:57.769Z] Platform:      win32
[debug] [2026-03-12T18:34:57.770Z] Node Version:  v24.13.1
[debug] [2026-03-12T18:34:57.770Z] Time:          Thu Mar 12 2026 12:34:57 GMT-0600 (Mountain Daylight Time)
[debug] [2026-03-12T18:34:57.770Z] ----------------------------------------------------------------------
[debug] 
[debug] [2026-03-12T18:34:57.793Z] > command requires scopes: ["email","openid","https://www.googleapis.com/auth/cloudplatformprojects.readonly","https://www.googleapis.com/auth/firebase","https://www.googleapis.com/auth/cloud-platform"]
[debug] [2026-03-12T18:34:57.793Z] > authorizing via signed-in user (dean.guedo@eips.ca)
[debug] [2026-03-12T18:34:57.796Z] Checked if tokens are valid: true, expires at: 1773342851728
[debug] [2026-03-12T18:34:57.796Z] Checked if tokens are valid: true, expires at: 1773342851728
[debug] [2026-03-12T18:34:57.797Z] >>> [apiv2][query] GET https://firebase.googleapis.com/v1beta1/projects/-/webApps/1:217802069551:web:86211a3e765bbf0ba798da/config [none]
[debug] [2026-03-12T18:34:58.262Z] <<< [apiv2][status] GET https://firebase.googleapis.com/v1beta1/projects/-/webApps/1:217802069551:web:673dcff84a4818eca798da/config 200
[debug] [2026-03-12T18:34:58.312Z] <<< [apiv2][status] GET https://firebase.googleapis.com/v1beta1/projects/-/webApps/1:217802069551:web:86211a3e765bbf0ba798da/config 200
